2025-04-17 00:14:01 INFO  [background-preinit] o.h.validator.internal.util.Version - HV000001: Hibernate Validator 8.0.2.Final
2025-04-17 00:14:01 INFO  [restartedMain] c.e.glibrary.GlibraryApplication - Starting GlibraryApplication using Java 23.0.2 with PID 15684 (D:\glibrary\labs_java\target\classes started by mtkor in D:\glibrary\labs_java)
2025-04-17 00:14:01 INFO  [restartedMain] c.e.glibrary.GlibraryApplication - No active profile set, falling back to 1 default profile: "default"
2025-04-17 00:14:01 INFO  [restartedMain] o.s.b.d.e.DevToolsPropertyDefaultsPostProcessor - Devtools property defaults active! Set 'spring.devtools.add-properties' to 'false' to disable
2025-04-17 00:14:01 INFO  [restartedMain] o.s.b.d.e.DevToolsPropertyDefaultsPostProcessor - For additional web related logging consider setting the 'logging.level.web' property to 'DEBUG'
2025-04-17 00:14:01 INFO  [restartedMain] o.s.d.r.c.RepositoryConfigurationDelegate - Bootstrapping Spring Data JPA repositories in DEFAULT mode.
2025-04-17 00:14:01 INFO  [restartedMain] o.s.d.r.c.RepositoryConfigurationDelegate - Finished Spring Data repository scanning in 35 ms. Found 3 JPA repository interfaces.
2025-04-17 00:14:03 INFO  [restartedMain] o.s.b.w.e.tomcat.TomcatWebServer - Tomcat initialized with port 8080 (http)
2025-04-17 00:14:03 INFO  [restartedMain] o.a.coyote.http11.Http11NioProtocol - Initializing ProtocolHandler ["http-nio-8080"]
2025-04-17 00:14:03 INFO  [restartedMain] o.a.catalina.core.StandardService - Starting service [Tomcat]
2025-04-17 00:14:03 INFO  [restartedMain] o.a.catalina.core.StandardEngine - Starting Servlet engine: [Apache Tomcat/10.1.34]
2025-04-17 00:14:03 INFO  [restartedMain] o.a.c.c.C.[Tomcat].[localhost].[/] - Initializing Spring embedded WebApplicationContext
2025-04-17 00:14:03 INFO  [restartedMain] o.s.b.w.s.c.ServletWebServerApplicationContext - Root WebApplicationContext: initialization completed in 1977 ms
2025-04-17 00:14:03 INFO  [restartedMain] o.h.jpa.internal.util.LogHelper - HHH000204: Processing PersistenceUnitInfo [name: default]
2025-04-17 00:14:03 INFO  [restartedMain] org.hibernate.Version - HHH000412: Hibernate ORM core version 6.6.5.Final
2025-04-17 00:14:03 INFO  [restartedMain] o.h.c.i.RegionFactoryInitiator - HHH000026: Second-level cache disabled
2025-04-17 00:14:03 INFO  [restartedMain] o.s.o.j.p.SpringPersistenceUnitInfo - No LoadTimeWeaver setup: ignoring JPA class transformer
2025-04-17 00:14:03 INFO  [restartedMain] com.zaxxer.hikari.HikariDataSource - HikariPool-1 - Starting...
2025-04-17 00:14:04 INFO  [restartedMain] com.zaxxer.hikari.pool.HikariPool - HikariPool-1 - Added connection org.postgresql.jdbc.PgConnection@5bf5c55e
2025-04-17 00:14:04 INFO  [restartedMain] com.zaxxer.hikari.HikariDataSource - HikariPool-1 - Start completed.
2025-04-17 00:14:04 WARN  [restartedMain] org.hibernate.orm.deprecation - HHH90000025: PostgreSQLDialect does not need to be specified explicitly using 'hibernate.dialect' (remove the property setting and it will be selected by default)
2025-04-17 00:14:04 INFO  [restartedMain] o.hibernate.orm.connections.pooling - HHH10001005: Database info:
	Database JDBC URL [Connecting through datasource 'HikariDataSource (HikariPool-1)']
	Database driver: undefined/unknown
	Database version: 17.4
	Autocommit mode: undefined/unknown
	Isolation level: undefined/unknown
	Minimum pool size: undefined/unknown
	Maximum pool size: undefined/unknown
2025-04-17 00:14:05 INFO  [restartedMain] o.h.e.t.j.p.i.JtaPlatformInitiator - HHH000489: No JTA platform available (set 'hibernate.transaction.jta.platform' to enable JTA platform integration)
2025-04-17 00:14:05 INFO  [restartedMain] o.s.o.j.LocalContainerEntityManagerFactoryBean - Initialized JPA EntityManagerFactory for persistence unit 'default'
2025-04-17 00:14:05 INFO  [restartedMain] o.s.d.j.r.query.QueryEnhancerFactory - Hibernate is in classpath; If applicable, HQL parser will be used.
2025-04-17 00:14:06 WARN  [restartedMain] o.s.b.a.o.j.JpaBaseConfiguration$JpaWebConfiguration - spring.jpa.open-in-view is enabled by default. Therefore, database queries may be performed during view rendering. Explicitly configure spring.jpa.open-in-view to disable this warning
2025-04-17 00:14:07 INFO  [restartedMain] o.s.b.d.a.OptionalLiveReloadServer - LiveReload server is running on port 35729
2025-04-17 00:14:07 INFO  [restartedMain] o.s.b.a.e.web.EndpointLinksResolver - Exposing 1 endpoint beneath base path '/actuator'
2025-04-17 00:14:07 INFO  [restartedMain] o.a.coyote.http11.Http11NioProtocol - Starting ProtocolHandler ["http-nio-8080"]
2025-04-17 00:14:07 INFO  [restartedMain] o.s.b.w.e.tomcat.TomcatWebServer - Tomcat started on port 8080 (http) with context path '/'
2025-04-17 00:14:07 INFO  [restartedMain] c.e.glibrary.GlibraryApplication - Started GlibraryApplication in 6.637 seconds (process running for 7.582)
2025-04-17 00:14:15 INFO  [http-nio-8080-exec-2] o.a.c.c.C.[Tomcat].[localhost].[/] - Initializing Spring DispatcherServlet 'dispatcherServlet'
2025-04-17 00:14:15 INFO  [http-nio-8080-exec-2] o.s.web.servlet.DispatcherServlet - Initializing Servlet 'dispatcherServlet'
2025-04-17 00:14:15 INFO  [http-nio-8080-exec-2] o.s.web.servlet.DispatcherServlet - Completed initialization in 1 ms
2025-04-17 00:14:15 INFO  [http-nio-8080-exec-2] c.e.glibrary.aspect.LoggingAspect - Вызов метода: ResponseEntity com.example.glibrary.controller.CharacterController.readCharacterByName(String)
2025-04-17 00:14:16 INFO  [http-nio-8080-exec-3] c.e.glibrary.aspect.LoggingAspect - Вызов метода: ResponseEntity com.example.glibrary.controller.CharacterController.readCharacterByName(String)
2025-04-17 00:14:17 INFO  [http-nio-8080-exec-4] c.e.glibrary.aspect.LoggingAspect - Вызов метода: ResponseEntity com.example.glibrary.controller.CharacterController.readCharacterByName(String)
2025-04-17 00:14:18 INFO  [http-nio-8080-exec-5] c.e.glibrary.aspect.LoggingAspect - Вызов метода: ResponseEntity com.example.glibrary.controller.CharacterController.readCharacterByName(String)
2025-04-17 00:14:18 INFO  [http-nio-8080-exec-6] c.e.glibrary.aspect.LoggingAspect - Вызов метода: ResponseEntity com.example.glibrary.controller.CharacterController.readCharacterByName(String)
2025-04-17 00:14:19 INFO  [http-nio-8080-exec-7] c.e.glibrary.aspect.LoggingAspect - Вызов метода: ResponseEntity com.example.glibrary.controller.CharacterController.readCharacterByName(String)
2025-04-17 00:14:22 INFO  [http-nio-8080-exec-8] c.e.glibrary.aspect.LoggingAspect - Вызов метода: ResponseEntity com.example.glibrary.controller.CharacterController.readCharacterByName(String)
